<?xml version="1.0" encoding="UTF-8"?>
<!-- Generated by org.testng.reporters.JUnitXMLReporter -->
<testsuite ignored="0" hostname="KCK-PC" failures="1" tests="14" name="Tutorials Ninja Tests" time="77.106" errors="0" timestamp="2024-08-31T18:54:21 IST">
  <testcase classname="com.ninjatutorials.testcases.Register" name="verifyRegisterAccountWithAllMandatoryFileds" time="1.967"/>
  <testcase classname="com.ninjatutorials.testcases.Register" name="verifyRegisterAccountWithAllFileds" time="2.915"/>
  <testcase classname="com.ninjatutorials.testcases.Register" name="verifyRegisterAccountWithExistingDetails" time="1.549"/>
  <testcase classname="com.ninjatutorials.testcases.Register" name="verifyWarningsWithoutfillingAnyDetails" time="0.641"/>
  <testcase classname="com.ninjatutorials.testcases.Login" name="verifyLoginWithValidCredentials" time="1.177"/>
  <testcase classname="com.ninjatutorials.testcases.Login" name="verifyLoginWithValidCredentials" time="1.553"/>
  <testcase classname="com.ninjatutorials.testcases.Login" name="verifyLoginWithValidCredentials" time="1.413"/>
  <testcase classname="com.ninjatutorials.testcases.Login" name="verifyLoginWithInValidCredentials" time="1.262"/>
  <testcase classname="com.ninjatutorials.testcases.Login" name="verifyLoginWithInValidEmailAndValidPassword" time="1.205"/>
  <testcase classname="com.ninjatutorials.testcases.Login" name="verifyLoginWithValidEmailAndInValidPassword" time="1.777"/>
  <testcase classname="com.ninjatutorials.testcases.Login" name="verifyLoginWithOutProvidingAnyCredentials" time="0.633"/>
  <testcase classname="com.ninjatutorials.testcases.Search" name="verifySearchWithExistingProductName" time="0.775"/>
  <testcase classname="com.ninjatutorials.testcases.Search" name="verifySearchWithNoNExistingProductName" time="0.616">
    <failure type="java.lang.AssertionError" message="no product matched warning message should be shown expected [true] but found [false]">
      <![CDATA[java.lang.AssertionError: no product matched warning message should be shown expected [true] but found [false]
at com.ninjatutorials.testcases.Search.verifySearchWithNoNExistingProductName(Search.java:48)
at java.base/java.util.ArrayList.forEach(ArrayList.java:1511)
... Removed 30 stack frames]]>
    </failure>
  </testcase> <!-- verifySearchWithNoNExistingProductName -->
  <testcase classname="com.ninjatutorials.testcases.Search" name="verifySearchWithOutGivingAnyProductName" time="0.0">
    <skipped/>
  </testcase> <!-- verifySearchWithOutGivingAnyProductName -->
</testsuite> <!-- Tutorials Ninja Tests -->
